2024-08-10 09:01:57,101 - root - INFO - Starting PDF creation
2024-08-10 09:01:57,143 - root - INFO - Removed alpha channel from C:\Users\sahil\Workspace\project1\data\Screenshot 2024-07-24 204254.png
2024-08-10 09:01:57,159 - root - INFO - Removed alpha channel from C:\Users\sahil\Workspace\project1\data\Screenshot 2024-07-24 205702.png
2024-08-10 09:01:57,173 - root - INFO - Removed alpha channel from C:\Users\sahil\Workspace\project1\data\Screenshot 2024-07-28 194616.png
2024-08-10 09:01:57,212 - root - INFO - Removed alpha channel from C:\Users\sahil\Workspace\project1\data\Screenshot 2024-07-30 204015.png
2024-08-10 09:01:57,274 - root - INFO - Removed alpha channel from C:\Users\sahil\Workspace\project1\data\Screenshot 2024-08-02 205818.png
2024-08-10 09:01:57,291 - root - INFO - Removed alpha channel from C:\Users\sahil\Workspace\project1\data\Screenshot 2024-08-02 212246.png
2024-08-10 09:01:57,306 - root - INFO - Removed alpha channel from C:\Users\sahil\Workspace\project1\data\Screenshot 2024-08-03 211456.png
2024-08-10 09:01:57,344 - root - INFO - Removed alpha channel from C:\Users\sahil\Workspace\project1\data\Screenshot 2024-08-09 194557.png
2024-08-10 09:01:57,349 - root - INFO - Removed alpha channel from C:\Users\sahil\Workspace\project1\data\Screenshot 2024-08-09 195031.png
2024-08-10 09:01:57,470 - root - INFO - PDF created successfully: test.pdf
2024-08-10 09:01:57,471 - root - INFO - Deleted temporary file: C:\Users\sahil\Workspace\project1\data\Screenshot 2024-07-24 204254_processed.png
2024-08-10 09:01:57,472 - root - INFO - Deleted temporary file: C:\Users\sahil\Workspace\project1\data\Screenshot 2024-07-24 205702_processed.png
2024-08-10 09:01:57,473 - root - INFO - Deleted temporary file: C:\Users\sahil\Workspace\project1\data\Screenshot 2024-07-28 194616_processed.png
2024-08-10 09:01:57,474 - root - INFO - Deleted temporary file: C:\Users\sahil\Workspace\project1\data\Screenshot 2024-07-30 204015_processed.png
2024-08-10 09:01:57,474 - root - INFO - Deleted temporary file: C:\Users\sahil\Workspace\project1\data\Screenshot 2024-08-02 205818_processed.png
2024-08-10 09:01:57,475 - root - INFO - Deleted temporary file: C:\Users\sahil\Workspace\project1\data\Screenshot 2024-08-02 212246_processed.png
2024-08-10 09:01:57,476 - root - INFO - Deleted temporary file: C:\Users\sahil\Workspace\project1\data\Screenshot 2024-08-03 211456_processed.png
2024-08-10 09:01:57,476 - root - INFO - Deleted temporary file: C:\Users\sahil\Workspace\project1\data\Screenshot 2024-08-09 194557_processed.png
2024-08-10 09:01:57,477 - root - INFO - Deleted temporary file: C:\Users\sahil\Workspace\project1\data\Screenshot 2024-08-09 195031_processed.png
2024-08-10 09:01:57,478 - root - INFO - PDF creation process completed
2024-08-10 09:04:55,411 - root - INFO - Starting PDF creation
2024-08-10 09:04:55,453 - root - INFO - Removed alpha channel from C:\Users\sahil\Workspace\project1\data\Screenshot 2024-07-24 204254.png
2024-08-10 09:04:55,469 - root - INFO - Removed alpha channel from C:\Users\sahil\Workspace\project1\data\Screenshot 2024-07-24 205702.png
2024-08-10 09:04:55,482 - root - INFO - Removed alpha channel from C:\Users\sahil\Workspace\project1\data\Screenshot 2024-07-28 194616.png
2024-08-10 09:04:55,522 - root - INFO - Removed alpha channel from C:\Users\sahil\Workspace\project1\data\Screenshot 2024-07-30 204015.png
2024-08-10 09:04:55,582 - root - INFO - Removed alpha channel from C:\Users\sahil\Workspace\project1\data\Screenshot 2024-08-02 205818.png
2024-08-10 09:04:55,599 - root - INFO - Removed alpha channel from C:\Users\sahil\Workspace\project1\data\Screenshot 2024-08-02 212246.png
2024-08-10 09:04:55,612 - root - INFO - Removed alpha channel from C:\Users\sahil\Workspace\project1\data\Screenshot 2024-08-03 211456.png
2024-08-10 09:04:55,650 - root - INFO - Removed alpha channel from C:\Users\sahil\Workspace\project1\data\Screenshot 2024-08-09 194557.png
2024-08-10 09:04:55,654 - root - INFO - Removed alpha channel from C:\Users\sahil\Workspace\project1\data\Screenshot 2024-08-09 195031.png
2024-08-10 09:04:55,755 - root - INFO - PDF created successfully: test.pdf
2024-08-10 09:04:55,757 - root - INFO - Deleted temporary file: C:\Users\sahil\Workspace\project1\data\Screenshot 2024-07-24 204254_processed.png
2024-08-10 09:04:55,757 - root - INFO - Deleted temporary file: C:\Users\sahil\Workspace\project1\data\Screenshot 2024-07-24 205702_processed.png
2024-08-10 09:04:55,759 - root - INFO - Deleted temporary file: C:\Users\sahil\Workspace\project1\data\Screenshot 2024-07-28 194616_processed.png
2024-08-10 09:04:55,759 - root - INFO - Deleted temporary file: C:\Users\sahil\Workspace\project1\data\Screenshot 2024-07-30 204015_processed.png
2024-08-10 09:04:55,760 - root - INFO - Deleted temporary file: C:\Users\sahil\Workspace\project1\data\Screenshot 2024-08-02 205818_processed.png
2024-08-10 09:04:55,761 - root - INFO - Deleted temporary file: C:\Users\sahil\Workspace\project1\data\Screenshot 2024-08-02 212246_processed.png
2024-08-10 09:04:55,762 - root - INFO - Deleted temporary file: C:\Users\sahil\Workspace\project1\data\Screenshot 2024-08-03 211456_processed.png
2024-08-10 09:04:55,762 - root - INFO - Deleted temporary file: C:\Users\sahil\Workspace\project1\data\Screenshot 2024-08-09 194557_processed.png
2024-08-10 09:04:55,763 - root - INFO - Deleted temporary file: C:\Users\sahil\Workspace\project1\data\Screenshot 2024-08-09 195031_processed.png
2024-08-10 09:04:55,763 - root - INFO - PDF creation process completed
